# JRE version: OpenJDK Runtime Environment (21.0.9+10) (build 21.0.9+10-Ubuntu-124.04)
# Java VM: OpenJDK 64-Bit Server VM (21.0.9+10-Ubuntu-124.04, mixed mode, sharing, tiered, compressed oops, compressed class ptrs, g1 gc, linux-amd64)
GC Precious Log:
 CardTable entry size: 512
 Card Set container configuration: InlinePtr #cards 5 size 8 Array Of Cards #cards 12 size 40 Howl #buckets 4 coarsen threshold 1843 Howl Bitmap #cards 512 size 80 coarsen threshold 460 Card regions per heap region 1 cards per card region 2048
 CPUs: 12 total, 12 available
 Memory: 7776M
 Large Page Support: Disabled
 NUMA Support: Disabled
 Compressed Oops: Enabled (32-bit)
 Heap Region Size: 1M
 Heap Min Capacity: 8M
 Heap Initial Capacity: 122M
 Heap Max Capacity: 1946M
 Pre-touch: Disabled
 Parallel Workers: 10
 Concurrent Workers: 3
 Concurrent Refinement Workers: 10
 Periodic GC: Disabled
Heap:
 garbage-first heap   total 58368K, used 24626K [0x0000000086600000, 0x0000000100000000)
  region size 1024K, 14 young (14336K), 5 survivors (5120K)
 Metaspace       used 21703K, committed 22080K, reserved 1114112K
  class space    used 2482K, committed 2688K, reserved 1048576K
GC Heap History (10 events):
Event: 0.343 GC heap before
{Heap before GC invocations=0 (full 0):
 garbage-first heap   total 126976K, used 23602K [0x0000000086600000, 0x0000000100000000)
  region size 1024K, 23 young (23552K), 0 survivors (0K)
 Metaspace       used 5860K, committed 6016K, reserved 1114112K
  class space    used 691K, committed 768K, reserved 1048576K
}
Event: 0.346 GC heap after
{Heap after GC invocations=1 (full 0):
 garbage-first heap   total 126976K, used 4082K [0x0000000086600000, 0x0000000100000000)
  region size 1024K, 3 young (3072K), 3 survivors (3072K)
 Metaspace       used 5860K, committed 6016K, reserved 1114112K
  class space    used 691K, committed 768K, reserved 1048576K
}
Event: 0.857 GC heap before
{Heap before GC invocations=1 (full 0):
 garbage-first heap   total 126976K, used 53234K [0x0000000086600000, 0x0000000100000000)
  region size 1024K, 51 young (52224K), 3 survivors (3072K)
 Metaspace       used 13905K, committed 14144K, reserved 1114112K
  class space    used 1687K, committed 1792K, reserved 1048576K
}
Event: 0.864 GC heap after
{Heap after GC invocations=2 (full 0):
 garbage-first heap   total 126976K, used 7720K [0x0000000086600000, 0x0000000100000000)
  region size 1024K, 7 young (7168K), 7 survivors (7168K)
 Metaspace       used 13905K, committed 14144K, reserved 1114112K
  class space    used 1687K, committed 1792K, reserved 1048576K
}
Event: 1.252 GC heap before
{Heap before GC invocations=2 (full 0):
 garbage-first heap   total 126976K, used 75304K [0x0000000086600000, 0x0000000100000000)
  region size 1024K, 73 young (74752K), 7 survivors (7168K)
 Metaspace       used 16438K, committed 16640K, reserved 1114112K
  class space    used 1907K, committed 1984K, reserved 1048576K
}
Event: 1.262 GC heap after
{Heap after GC invocations=3 (full 0):
 garbage-first heap   total 126976K, used 11495K [0x0000000086600000, 0x0000000100000000)
  region size 1024K, 8 young (8192K), 8 survivors (8192K)
 Metaspace       used 16438K, committed 16640K, reserved 1114112K
  class space    used 1907K, committed 1984K, reserved 1048576K
}
Event: 1.817 GC heap before
{Heap before GC invocations=3 (full 0):
 garbage-first heap   total 126976K, used 78055K [0x0000000086600000, 0x0000000100000000)
  region size 1024K, 73 young (74752K), 8 survivors (8192K)
 Metaspace       used 19919K, committed 20224K, reserved 1114112K
  class space    used 2211K, committed 2304K, reserved 1048576K
}
Event: 1.825 GC heap after
{Heap after GC invocations=4 (full 0):
 garbage-first heap   total 126976K, used 14698K [0x0000000086600000, 0x0000000100000000)
  region size 1024K, 7 young (7168K), 7 survivors (7168K)
 Metaspace       used 19919K, committed 20224K, reserved 1114112K
  class space    used 2211K, committed 2304K, reserved 1048576K
}
Event: 1.952 GC heap before
{Heap before GC invocations=4 (full 0):
 garbage-first heap   total 126976K, used 39274K [0x0000000086600000, 0x0000000100000000)
  region size 1024K, 32 young (32768K), 7 survivors (7168K)
 Metaspace       used 21137K, committed 21504K, reserved 1114112K
  class space    used 2408K, committed 2560K, reserved 1048576K
}
Event: 1.959 GC heap after
{Heap after GC invocations=5 (full 0):
 garbage-first heap   total 126976K, used 16434K [0x0000000086600000, 0x0000000100000000)
  region size 1024K, 5 young (5120K), 5 survivors (5120K)
 Metaspace       used 21137K, committed 21504K, reserved 1114112K
  class space    used 2408K, committed 2560K, reserved 1048576K
}

