# JRE version: OpenJDK Runtime Environment (21.0.9+10) (build 21.0.9+10-Ubuntu-124.04)
# Java VM: OpenJDK 64-Bit Server VM (21.0.9+10-Ubuntu-124.04, mixed mode, sharing, tiered, compressed oops, compressed class ptrs, g1 gc, linux-amd64)
GC Precious Log:
 CardTable entry size: 512
 Card Set container configuration: InlinePtr #cards 5 size 8 Array Of Cards #cards 12 size 40 Howl #buckets 4 coarsen threshold 1843 Howl Bitmap #cards 512 size 80 coarsen threshold 460 Card regions per heap region 1 cards per card region 2048
 CPUs: 12 total, 12 available
 Memory: 7776M
 Large Page Support: Disabled
 NUMA Support: Disabled
 Compressed Oops: Enabled (32-bit)
 Heap Region Size: 1M
 Heap Min Capacity: 8M
 Heap Initial Capacity: 122M
 Heap Max Capacity: 1946M
 Pre-touch: Disabled
 Parallel Workers: 10
 Concurrent Workers: 3
 Concurrent Refinement Workers: 10
 Periodic GC: Disabled
Heap:
 garbage-first heap   total 89088K, used 45355K [0x0000000086600000, 0x0000000100000000)
  region size 1024K, 19 young (19456K), 3 survivors (3072K)
 Metaspace       used 31623K, committed 32064K, reserved 1114112K
  class space    used 3567K, committed 3776K, reserved 1048576K
GC Heap History (14 events):
Event: 0.316 GC heap before
{Heap before GC invocations=0 (full 0):
 garbage-first heap   total 126976K, used 23602K [0x0000000086600000, 0x0000000100000000)
  region size 1024K, 23 young (23552K), 0 survivors (0K)
 Metaspace       used 5866K, committed 6016K, reserved 1114112K
  class space    used 691K, committed 768K, reserved 1048576K
}
Event: 0.320 GC heap after
{Heap after GC invocations=1 (full 0):
 garbage-first heap   total 126976K, used 4082K [0x0000000086600000, 0x0000000100000000)
  region size 1024K, 3 young (3072K), 3 survivors (3072K)
 Metaspace       used 5866K, committed 6016K, reserved 1114112K
  class space    used 691K, committed 768K, reserved 1048576K
}
Event: 0.818 GC heap before
{Heap before GC invocations=1 (full 0):
 garbage-first heap   total 126976K, used 53234K [0x0000000086600000, 0x0000000100000000)
  region size 1024K, 51 young (52224K), 3 survivors (3072K)
 Metaspace       used 13871K, committed 14080K, reserved 1114112K
  class space    used 1684K, committed 1792K, reserved 1048576K
}
Event: 0.825 GC heap after
{Heap after GC invocations=2 (full 0):
 garbage-first heap   total 126976K, used 7729K [0x0000000086600000, 0x0000000100000000)
  region size 1024K, 7 young (7168K), 7 survivors (7168K)
 Metaspace       used 13871K, committed 14080K, reserved 1114112K
  class space    used 1684K, committed 1792K, reserved 1048576K
}
Event: 1.196 GC heap before
{Heap before GC invocations=2 (full 0):
 garbage-first heap   total 126976K, used 75313K [0x0000000086600000, 0x0000000100000000)
  region size 1024K, 73 young (74752K), 7 survivors (7168K)
 Metaspace       used 16415K, committed 16640K, reserved 1114112K
  class space    used 1906K, committed 1984K, reserved 1048576K
}
Event: 1.207 GC heap after
{Heap after GC invocations=3 (full 0):
 garbage-first heap   total 126976K, used 11079K [0x0000000086600000, 0x0000000100000000)
  region size 1024K, 7 young (7168K), 7 survivors (7168K)
 Metaspace       used 16415K, committed 16640K, reserved 1114112K
  class space    used 1906K, committed 1984K, reserved 1048576K
}
Event: 1.500 GC heap before
{Heap before GC invocations=3 (full 0):
 garbage-first heap   total 126976K, used 54087K [0x0000000086600000, 0x0000000100000000)
  region size 1024K, 50 young (51200K), 7 survivors (7168K)
 Metaspace       used 21217K, committed 21504K, reserved 1114112K
  class space    used 2481K, committed 2624K, reserved 1048576K
}
Event: 1.509 GC heap after
{Heap after GC invocations=4 (full 0):
 garbage-first heap   total 126976K, used 14685K [0x0000000086600000, 0x0000000100000000)
  region size 1024K, 7 young (7168K), 7 survivors (7168K)
 Metaspace       used 21217K, committed 21504K, reserved 1114112K
  class space    used 2481K, committed 2624K, reserved 1048576K
}
Event: 1.844 GC heap before
{Heap before GC invocations=5 (full 0):
 garbage-first heap   total 55296K, used 53597K [0x0000000086600000, 0x0000000100000000)
  region size 1024K, 45 young (46080K), 7 survivors (7168K)
 Metaspace       used 26761K, committed 27136K, reserved 1114112K
  class space    used 3056K, committed 3200K, reserved 1048576K
}
Event: 1.858 GC heap after
{Heap after GC invocations=6 (full 0):
 garbage-first heap   total 89088K, used 25949K [0x0000000086600000, 0x0000000100000000)
  region size 1024K, 10 young (10240K), 10 survivors (10240K)
 Metaspace       used 26761K, committed 27136K, reserved 1114112K
  class space    used 3056K, committed 3200K, reserved 1048576K
}
Event: 2.267 GC heap before
{Heap before GC invocations=6 (full 0):
 garbage-first heap   total 89088K, used 66909K [0x0000000086600000, 0x0000000100000000)
  region size 1024K, 50 young (51200K), 10 survivors (10240K)
 Metaspace       used 29197K, committed 29632K, reserved 1114112K
  class space    used 3289K, committed 3456K, reserved 1048576K
}
Event: 2.279 GC heap after
{Heap after GC invocations=7 (full 0):
 garbage-first heap   total 89088K, used 27947K [0x0000000086600000, 0x0000000100000000)
  region size 1024K, 5 young (5120K), 5 survivors (5120K)
 Metaspace       used 29197K, committed 29632K, reserved 1114112K
  class space    used 3289K, committed 3456K, reserved 1048576K
}
Event: 2.415 GC heap before
{Heap before GC invocations=7 (full 0):
 garbage-first heap   total 89088K, used 68907K [0x0000000086600000, 0x0000000100000000)
  region size 1024K, 45 young (46080K), 5 survivors (5120K)
 Metaspace       used 30512K, committed 30976K, reserved 1114112K
  class space    used 3384K, committed 3584K, reserved 1048576K
}
Event: 2.420 GC heap after
{Heap after GC invocations=8 (full 0):
 garbage-first heap   total 89088K, used 29995K [0x0000000086600000, 0x0000000100000000)
  region size 1024K, 3 young (3072K), 3 survivors (3072K)
 Metaspace       used 30512K, committed 30976K, reserved 1114112K
  class space    used 3384K, committed 3584K, reserved 1048576K
}

